数据库已打开,准备启动数据交换..(10:32:32)
数据交换时间间隔为30分钟..(10:32:32)
数据库已打开,准备启动数据交换..(10:32:51)
数据交换时间间隔为30分钟..(10:32:51)
数据库已打开,准备启动数据交换..(10:33:14)
数据交换时间间隔为30分钟..(10:33:14)
数据库已打开,准备启动数据交换..(10:34:53)
数据交换时间间隔为30分钟..(10:34:53)
数据库已打开,准备启动数据交换..(10:36:07)
数据交换时间间隔为30分钟..(10:36:07)
2012-01-06 10:09:14(10:36:07)
2012-01-06 10:09:142012-01-06 10:21:50(10:36:13)
2012-01-06 10:09:142012-01-06 10:21:502012-01-06 10:28:56(10:36:14)
2012-01-06 10:09:142012-01-06 10:21:502012-01-06 10:28:562012-01-06 20:22:00(10:36:14)
2012-01-06 10:09:142012-01-06 10:21:502012-01-06 10:28:562012-01-06 20:22:002012-01-06 20:22:24(10:36:15)
2012-01-06 10:09:142012-01-06 10:21:502012-01-06 10:28:562012-01-06 20:22:002012-01-06 20:22:242012-01-08 08:30:20(10:36:15)
2012-01-06 10:09:142012-01-06 10:21:502012-01-06 10:28:562012-01-06 20:22:002012-01-06 20:22:242012-01-08 08:30:202012-01-08 08:34:20(10:36:16)
2012-01-06 10:09:142012-01-06 10:21:502012-01-06 10:28:562012-01-06 20:22:002012-01-06 20:22:242012-01-08 08:30:202012-01-08 08:34:202012-01-08 08:36:20(10:36:16)
2012-01-06 10:09:142012-01-06 10:21:502012-01-06 10:28:562012-01-06 20:22:002012-01-06 20:22:242012-01-08 08:30:202012-01-08 08:34:202012-01-08 08:36:202012-01-08 08:43:51(10:36:16)
数据库已打开,准备启动数据交换..(10:36:32)
数据交换时间间隔为30分钟..(10:36:32)
2012-01-06 10:09:14(10:36:32)
2012-01-06 10:09:142012-01-06 10:21:50(10:36:32)
2012-01-06 10:09:142012-01-06 10:21:502012-01-06 10:28:56(10:36:32)
2012-01-06 10:09:142012-01-06 10:21:502012-01-06 10:28:562012-01-06 20:22:00(10:36:32)
数据库已打开,准备启动数据交换..(10:37:28)
数据交换时间间隔为30分钟..(10:37:28)
查询到888条记录,插入888条,0条已存在！(10:37:32)
数据库已打开,准备启动数据交换..(10:40:56)
数据交换时间间隔为30分钟..(10:40:56)
查询到888条记录,插入888条,0条已存在！(10:41:01)
数据库已打开,准备启动数据交换..(10:41:20)
数据交换时间间隔为30分钟..(10:41:20)
查询到888条记录,插入888条,0条已存在！(10:41:24)
