覆盖生成E:\pro\webpro\coalLast\code\src\com\sxsihe\coal\devicehis\action\DevhisDeleteAction.java完毕..(09:11:44)
覆盖生成E:\pro\webpro\coalLast\code\src\com\sxsihe\coal\devicehis\action\DevhisSaveAction.java完毕..(09:11:45)
覆盖生成E:\pro\webpro\coalLast\code\src\com\sxsihe\coal\devicehis\action\DevhisShowAction.java完毕..(09:11:45)
覆盖生成E:\pro\webpro\coalLast\code\src\com\sxsihe\coal\devicehis\dao\DevhisDAO.java完毕..(09:11:46)
覆盖生成E:\pro\webpro\coalLast\code\src\com\sxsihe\coal\devicehis\dao\hibernateImpl\DevhisDAOImpl.java完毕..(09:11:46)
覆盖生成E:\pro\webpro\coalLast\code\src\com\sxsihe\coal\devicehis\service\DevhisService.java完毕..(09:11:47)
覆盖生成E:\pro\webpro\coalLast\code\src\com\sxsihe\coal\devicehis\service\DevhisServiceImpl.java完毕..(09:11:47)
覆盖生成E:\pro\webpro\coalLast\code\src\com\sxsihe\coal\devicehis\form\DevhisForm.java完毕..(09:11:47)
覆盖生成E:\pro\webpro\coalLast\code\src\com\sxsihe\coal\engine\action\EngineDeleteAction.java完毕..(09:13:19)
覆盖生成E:\pro\webpro\coalLast\code\src\com\sxsihe\coal\engine\action\EngineSaveAction.java完毕..(09:13:20)
覆盖生成E:\pro\webpro\coalLast\code\src\com\sxsihe\coal\engine\action\EngineShowAction.java完毕..(09:13:22)
覆盖生成E:\pro\webpro\coalLast\code\src\com\sxsihe\coal\devpic\action\DevpicDeleteAction.java完毕..(09:22:46)
覆盖生成E:\pro\webpro\coalLast\code\src\com\sxsihe\coal\devpic\action\DevpicSaveAction.java完毕..(09:22:50)
覆盖生成E:\pro\webpro\coalLast\code\src\com\sxsihe\coal\devpic\action\DevpicShowAction.java完毕..(09:22:51)
覆盖生成E:\pro\webpro\coalLast\code\src\com\sxsihe\coal\devpic\dao\DevpicDAO.java完毕..(09:22:52)
覆盖生成E:\pro\webpro\coalLast\code\src\com\sxsihe\coal\devpic\dao\hibernateImpl\DevpicDAOImpl.java完毕..(09:22:52)
覆盖生成E:\pro\webpro\coalLast\code\src\com\sxsihe\coal\devpic\service\DevpicService.java完毕..(09:22:53)
覆盖生成E:\pro\webpro\coalLast\code\src\com\sxsihe\coal\devpic\service\DevpicServiceImpl.java完毕..(09:22:54)
覆盖生成E:\pro\webpro\coalLast\code\src\com\sxsihe\coal\devpic\form\DevpicForm.java完毕..(09:22:55)
覆盖生成E:\pro\webpro\coalLast\code\src\springconfig\applicationContext-devpic.xml完毕..(09:22:55)
覆盖生成E:\pro\webpro\coalLast\code\WebRoot\WEB-INF\strutsconfig\struts-config-devpic.xml完毕..(09:22:56)
覆盖生成E:\pro\webpro\coalLast\code\WebRoot\pages\devpic\devpicform.jsp完毕..(09:22:57)
覆盖生成E:\pro\webpro\coalLast\code\WebRoot\pages\devpic\devpiclist.jsp完毕..(09:22:58)
覆盖生成E:\pro\webpro\coalLast\code\src\com\sxsihe\coal\devpic\action\DevpicDeleteAction.java完毕..(09:23:14)
读取系统列表时发生异常！(09:23:24)
覆盖生成E:\pro\webpro\coalLast\code\WebRoot\pages\devpic\devpicform.jsp完毕..(09:23:38)
覆盖生成E:\pro\webpro\coalLast\code\WebRoot\pages\devpic\devpiclist.jsp完毕..(09:23:54)
读取系统列表时发生异常！(09:24:00)
覆盖生成E:\pro\webpro\coalLast\code\src\com\sxsihe\coal\devpic\action\DevpicDeleteAction.java完毕..(09:29:12)
覆盖生成E:\pro\webpro\coalLast\code\src\com\sxsihe\coal\devpic\action\DevpicSaveAction.java完毕..(09:29:13)
覆盖生成E:\pro\webpro\coalLast\code\src\com\sxsihe\coal\devicetype\action\DevicetypeDeleteAction.java完毕..(09:30:15)
覆盖生成E:\pro\webpro\coalLast\code\src\com\sxsihe\coal\devicetype\action\DevicetypeSaveAction.java完毕..(09:30:18)
覆盖生成E:\pro\webpro\coalLast\code\src\com\sxsihe\coal\devicetype\action\DevicetypeShowAction.java完毕..(09:30:19)
覆盖生成E:\pro\webpro\coalLast\code\src\com\sxsihe\coal\devicetype\dao\DevicetypeDAO.java完毕..(09:30:20)
覆盖生成E:\pro\webpro\coalLast\code\src\com\sxsihe\coal\devicetype\dao\hibernateImpl\DevicetypeDAOImpl.java完毕..(09:30:20)
覆盖生成E:\pro\webpro\coalLast\code\src\com\sxsihe\coal\devicetype\service\DevicetypeService.java完毕..(09:30:21)
覆盖生成E:\pro\webpro\coalLast\code\src\com\sxsihe\coal\devicetype\service\DevicetypeServiceImpl.java完毕..(09:30:21)
覆盖生成E:\pro\webpro\coalLast\code\src\com\sxsihe\coal\devicetype\form\DevicetypeForm.java完毕..(09:30:22)
覆盖生成E:\pro\webpro\coalLast\code\src\springconfig\applicationContext-devicetype.xml完毕..(09:30:22)
覆盖生成E:\pro\webpro\coalLast\code\WebRoot\WEB-INF\strutsconfig\struts-config-devicetype.xml完毕..(09:30:23)
覆盖生成E:\pro\webpro\coalLast\code\WebRoot\pages\devicetype\devicetypeform.jsp完毕..(09:30:23)
覆盖生成E:\pro\webpro\coalLast\code\WebRoot\pages\devicetype\devicetypelist.jsp完毕..(09:30:24)
生成E:\pro\webpro\coalLast\code\src\com\sxsihe\coal\devicehis\action\DevhisDeleteAction.java失败..(09:31:00)
生成E:\pro\webpro\coalLast\code\src\com\sxsihe\coal\devicehis\action\DevhisSaveAction.java失败..(09:31:14)
生成E:\pro\webpro\coalLast\code\src\com\sxsihe\coal\devicehis\action\DevhisShowAction.java失败..(09:31:16)
