生成E:\pro\webpro\dscm\code\src\com\sxsihe\dscm\tnote\action\TnoteDeleteAction.java完毕..(15:08:08)
生成E:\pro\webpro\dscm\code\src\com\sxsihe\dscm\tnote\action\TnoteSaveAction.java完毕..(15:08:08)
生成E:\pro\webpro\dscm\code\src\com\sxsihe\dscm\tnote\action\TnoteShowAction.java完毕..(15:08:08)
生成E:\pro\webpro\dscm\code\src\com\sxsihe\dscm\tnote\dao\TnoteDAO.java完毕..(15:08:08)
生成E:\pro\webpro\dscm\code\src\com\sxsihe\dscm\tnote\dao\hibernateImpl\TnoteDAOImpl.java完毕..(15:08:08)
生成E:\pro\webpro\dscm\code\src\com\sxsihe\dscm\tnote\service\TnoteService.java完毕..(15:08:08)
生成E:\pro\webpro\dscm\code\src\com\sxsihe\dscm\tnote\service\TnoteServiceImpl.java完毕..(15:08:08)
生成E:\pro\webpro\dscm\code\src\com\sxsihe\dscm\tnote\form\TnoteForm.java完毕..(15:08:08)
生成E:\pro\webpro\dscm\code\src\springconfig\applicationContext-tnote.xml完毕..(15:08:08)
生成E:\pro\webpro\dscm\code\WebRoot\WEB-INF\strutsconfig\struts-config-tnote.xml完毕..(15:08:08)
生成E:\pro\webpro\dscm\code\WebRoot\pages\tnote\tnoteform.jsp完毕..(15:08:08)
生成E:\pro\webpro\dscm\code\src\com\sxsihe\dscm\tpic\action\TpicDeleteAction.java完毕..(15:09:27)
生成E:\pro\webpro\dscm\code\src\com\sxsihe\dscm\tpic\action\TpicSaveAction.java完毕..(15:09:28)
生成E:\pro\webpro\dscm\code\src\com\sxsihe\dscm\tpic\action\TpicShowAction.java完毕..(15:09:28)
生成E:\pro\webpro\dscm\code\src\com\sxsihe\dscm\tpic\dao\TpicDAO.java完毕..(15:09:28)
生成E:\pro\webpro\dscm\code\src\com\sxsihe\dscm\tpic\dao\hibernateImpl\TpicDAOImpl.java完毕..(15:09:28)
生成E:\pro\webpro\dscm\code\src\com\sxsihe\dscm\tpic\service\TpicService.java完毕..(15:09:28)
生成E:\pro\webpro\dscm\code\src\com\sxsihe\dscm\tpic\service\TpicServiceImpl.java完毕..(15:09:28)
生成E:\pro\webpro\dscm\code\src\com\sxsihe\dscm\tpic\form\TpicForm.java完毕..(15:09:28)
生成E:\pro\webpro\dscm\code\src\springconfig\applicationContext-tpic.xml完毕..(15:09:28)
生成E:\pro\webpro\dscm\code\WebRoot\WEB-INF\strutsconfig\struts-config-tpic.xml完毕..(15:09:28)
生成E:\pro\webpro\dscm\code\WebRoot\pages\tpic\tpicform.jsp完毕..(15:09:28)
生成E:\pro\webpro\dscm\code\WebRoot\pages\tpic\tpiclist.jsp完毕..(15:09:28)
生成E:\pro\webpro\dscm\code\WebRoot\pages\tpic\tpicview.jsp完毕..(15:09:28)
覆盖生成E:\pro\webpro\dscm\code\src\com\sxsihe\dscm\tpic\action\TpicDeleteAction.java完毕..(15:12:32)
覆盖生成E:\pro\webpro\dscm\code\src\com\sxsihe\dscm\tpic\action\TpicSaveAction.java完毕..(15:12:33)
覆盖生成E:\pro\webpro\dscm\code\src\com\sxsihe\dscm\tpic\action\TpicShowAction.java完毕..(15:12:33)
覆盖生成E:\pro\webpro\dscm\code\src\com\sxsihe\dscm\tpic\dao\TpicDAO.java完毕..(15:12:33)
覆盖生成E:\pro\webpro\dscm\code\src\com\sxsihe\dscm\tpic\dao\hibernateImpl\TpicDAOImpl.java完毕..(15:12:34)
覆盖生成E:\pro\webpro\dscm\code\src\com\sxsihe\dscm\tpic\service\TpicService.java完毕..(15:12:34)
覆盖生成E:\pro\webpro\dscm\code\src\com\sxsihe\dscm\tpic\service\TpicServiceImpl.java完毕..(15:12:35)
覆盖生成E:\pro\webpro\dscm\code\src\com\sxsihe\dscm\tpic\form\TpicForm.java完毕..(15:12:35)
覆盖生成E:\pro\webpro\dscm\code\src\springconfig\applicationContext-tpic.xml完毕..(15:12:36)
覆盖生成E:\pro\webpro\dscm\code\WebRoot\WEB-INF\strutsconfig\struts-config-tpic.xml完毕..(15:12:36)
覆盖生成E:\pro\webpro\dscm\code\WebRoot\pages\tpic\tpicform.jsp完毕..(15:12:36)
覆盖生成E:\pro\webpro\dscm\code\WebRoot\pages\tpic\tpiclist.jsp完毕..(15:12:36)
覆盖生成E:\pro\webpro\dscm\code\WebRoot\pages\tpic\tpicview.jsp完毕..(15:12:37)
读取系统列表时发生异常！(15:12:37)
