覆盖生成E:\pro\webpro\coalCore\code\src\com\sxsihe\coal\coalmine\action\CoalmineDeleteAction.java完毕..(09:25:57)
覆盖生成E:\pro\webpro\coalCore\code\src\com\sxsihe\coal\coalmine\action\CoalmineSaveAction.java完毕..(09:25:58)
覆盖生成E:\pro\webpro\coalCore\code\src\com\sxsihe\coal\coalmine\action\CoalmineShowAction.java完毕..(09:25:59)
覆盖生成E:\pro\webpro\coalCore\code\src\com\sxsihe\coal\coalmine\dao\CoalmineDAO.java完毕..(09:26:00)
覆盖生成E:\pro\webpro\coalCore\code\src\com\sxsihe\coal\coalmine\dao\hibernateImpl\CoalmineDAOImpl.java完毕..(09:26:01)
覆盖生成E:\pro\webpro\coalCore\code\src\com\sxsihe\coal\coalmine\service\CoalmineService.java完毕..(09:26:01)
覆盖生成E:\pro\webpro\coalCore\code\src\com\sxsihe\coal\coalmine\service\CoalmineServiceImpl.java完毕..(09:26:02)
覆盖生成E:\pro\webpro\coalCore\code\src\com\sxsihe\coal\coalmine\form\CoalmineConditionForm.java完毕..(09:26:03)
覆盖生成E:\pro\webpro\coalCore\code\src\com\sxsihe\coal\coalmine\form\CoalmineForm.java完毕..(09:26:03)
覆盖生成E:\pro\webpro\coalCore\code\src\springconfig\applicationContext-coalmine.xml完毕..(09:26:04)
覆盖生成E:\pro\webpro\coalCore\code\WebRoot\WEB-INF\strutsconfig\struts-config-coalmine.xml完毕..(09:26:04)
覆盖生成E:\pro\webpro\coalCore\code\WebRoot\pages\coalmine\coalmineform.jsp完毕..(09:26:05)
覆盖生成E:\pro\webpro\coalCore\code\WebRoot\pages\coalmine\coalminelist.jsp完毕..(09:26:05)
覆盖生成E:\pro\webpro\coalCore\code\WebRoot\pages\coalmine\coalmineview.jsp完毕..(09:26:06)
读取系统列表时发生异常！(09:26:15)
覆盖生成E:\pro\webpro\coalCore\code\WebRoot\pages\coalmine\coalminelist.jsp完毕..(09:27:41)
读取系统列表时发生异常！(09:37:17)
读取模块列表时发生异常！(09:37:25)
读取系统列表时发生异常！(09:40:26)
读取系统列表时发生异常！(09:41:08)
生成E:\pro\webpro\coalCore\code\src\com\sxsihe\coal\video\action\VideoDeleteAction.java完毕..(11:27:41)
生成E:\pro\webpro\coalCore\code\src\com\sxsihe\coal\video\action\VideoSaveAction.java完毕..(11:27:42)
生成E:\pro\webpro\coalCore\code\src\com\sxsihe\coal\video\action\VideoShowAction.java完毕..(11:27:42)
生成E:\pro\webpro\coalCore\code\src\com\sxsihe\coal\video\dao\VideoDAO.java完毕..(11:27:42)
生成E:\pro\webpro\coalCore\code\src\com\sxsihe\coal\video\dao\hibernateImpl\VideoDAOImpl.java完毕..(11:27:42)
生成E:\pro\webpro\coalCore\code\src\com\sxsihe\coal\video\service\VideoService.java完毕..(11:27:42)
生成E:\pro\webpro\coalCore\code\src\com\sxsihe\coal\video\service\VideoServiceImpl.java完毕..(11:27:42)
生成E:\pro\webpro\coalCore\code\src\com\sxsihe\coal\video\form\VideoConditionForm.java完毕..(11:27:43)
生成E:\pro\webpro\coalCore\code\src\com\sxsihe\coal\video\form\VideoForm.java完毕..(11:27:43)
生成E:\pro\webpro\coalCore\code\src\springconfig\applicationContext-video.xml完毕..(11:27:43)
生成E:\pro\webpro\coalCore\code\WebRoot\WEB-INF\strutsconfig\struts-config-video.xml完毕..(11:27:43)
生成E:\pro\webpro\coalCore\code\WebRoot\pages\video\videoform.jsp完毕..(11:27:43)
生成E:\pro\webpro\coalCore\code\WebRoot\pages\video\videolist.jsp完毕..(11:27:43)
生成E:\pro\webpro\coalCore\code\WebRoot\pages\video\videoview.jsp完毕..(11:27:44)
添加菜单时发生异常！(11:28:36)
添加菜单时发生异常！(11:57:50)
添加菜单时发生异常！(12:01:11)
添加菜单时发生异常！(14:48:06)
