生成E:\pro\webpro\coalCore\code\src\com\sxsihe\coal\pagecollect\action\PagecollectDeleteAction.java完毕..(15:15:22)
生成E:\pro\webpro\coalCore\code\src\com\sxsihe\coal\pagecollect\action\PagecollectSaveAction.java完毕..(15:15:23)
生成E:\pro\webpro\coalCore\code\src\com\sxsihe\coal\pagecollect\action\PagecollectShowAction.java完毕..(15:15:23)
生成E:\pro\webpro\coalCore\code\src\com\sxsihe\coal\pagecollect\dao\PagecollectDAO.java完毕..(15:15:23)
生成E:\pro\webpro\coalCore\code\src\com\sxsihe\coal\pagecollect\dao\hibernateImpl\PagecollectDAOImpl.java完毕..(15:15:23)
生成E:\pro\webpro\coalCore\code\src\com\sxsihe\coal\pagecollect\service\PagecollectService.java完毕..(15:15:23)
生成E:\pro\webpro\coalCore\code\src\com\sxsihe\coal\pagecollect\service\PagecollectServiceImpl.java完毕..(15:15:23)
生成E:\pro\webpro\coalCore\code\src\com\sxsihe\coal\pagecollect\form\PagecollectConditionForm.java完毕..(15:15:23)
生成E:\pro\webpro\coalCore\code\src\com\sxsihe\coal\pagecollect\form\PagecollectForm.java完毕..(15:15:23)
生成E:\pro\webpro\coalCore\code\src\springconfig\applicationContext-pagecollect.xml完毕..(15:15:23)
生成E:\pro\webpro\coalCore\code\WebRoot\WEB-INF\strutsconfig\struts-config-pagecollect.xml完毕..(15:15:24)
生成E:\pro\webpro\coalCore\code\WebRoot\pages\pagecollect\pagecollectform.jsp完毕..(15:15:24)
生成E:\pro\webpro\coalCore\code\WebRoot\pages\pagecollect\pagecollectlist.jsp完毕..(15:15:24)
生成E:\pro\webpro\coalCore\code\WebRoot\pages\pagecollect\pagecollectview.jsp完毕..(15:15:24)
读取模块列表时发生异常！(15:15:34)
读取模块列表时发生异常！(15:16:13)
生成E:\pro\webpro\coalCore\code\src\com\sxsihe\coal\pagecontent\action\PagecontentDeleteAction.java完毕..(15:18:18)
生成E:\pro\webpro\coalCore\code\src\com\sxsihe\coal\pagecontent\action\PagecontentSaveAction.java完毕..(15:18:18)
生成E:\pro\webpro\coalCore\code\src\com\sxsihe\coal\pagecontent\action\PagecontentShowAction.java完毕..(15:18:18)
生成E:\pro\webpro\coalCore\code\src\com\sxsihe\coal\pagecontent\dao\PagecontentDAO.java完毕..(15:18:18)
生成E:\pro\webpro\coalCore\code\src\com\sxsihe\coal\pagecontent\dao\hibernateImpl\PagecontentDAOImpl.java完毕..(15:18:18)
生成E:\pro\webpro\coalCore\code\src\com\sxsihe\coal\pagecontent\service\PagecontentService.java完毕..(15:18:18)
生成E:\pro\webpro\coalCore\code\src\com\sxsihe\coal\pagecontent\service\PagecontentServiceImpl.java完毕..(15:18:18)
生成E:\pro\webpro\coalCore\code\src\com\sxsihe\coal\pagecontent\form\PagecontentConditionForm.java完毕..(15:18:19)
生成E:\pro\webpro\coalCore\code\src\com\sxsihe\coal\pagecontent\form\PagecontentForm.java完毕..(15:18:19)
生成E:\pro\webpro\coalCore\code\src\springconfig\applicationContext-pagecontent.xml完毕..(15:18:19)
生成E:\pro\webpro\coalCore\code\WebRoot\WEB-INF\strutsconfig\struts-config-pagecontent.xml完毕..(15:18:19)
生成E:\pro\webpro\coalCore\code\WebRoot\pages\pagecontent\pagecontentform.jsp完毕..(15:18:19)
生成E:\pro\webpro\coalCore\code\WebRoot\pages\pagecontent\pagecontentlist.jsp完毕..(15:18:19)
生成E:\pro\webpro\coalCore\code\WebRoot\pages\pagecontent\pagecontentview.jsp完毕..(15:18:19)
读取模块列表时发生异常！(15:18:26)
读取模块列表时发生异常！(15:20:28)
读取模块列表时发生异常！(15:20:46)
读取模块列表时发生异常！(15:23:19)
读取模块列表时发生异常！(15:39:21)
