生成E:\ccccc\src\com\sxsihe\coall\runapps\action\RunappsDeleteAction.java完毕..(15:44:00)
生成E:\ccccc\src\com\sxsihe\coall\runapps\action\RunappsSaveAction.java完毕..(15:44:00)
生成E:\ccccc\src\com\sxsihe\coall\runapps\action\RunappsShowAction.java完毕..(15:44:00)
生成E:\ccccc\src\com\sxsihe\coall\runapps\dao\RunappsDAO.java完毕..(15:44:00)
生成E:\ccccc\src\com\sxsihe\coall\runapps\dao\hibernateImpl\RunappsDAOImpl.java完毕..(15:44:00)
生成E:\ccccc\src\com\sxsihe\coall\runapps\service\RunappsService.java完毕..(15:44:01)
生成E:\ccccc\src\com\sxsihe\coall\runapps\service\RunappsServiceImpl.java完毕..(15:44:01)
生成E:\ccccc\src\com\sxsihe\coall\runapps\form\RunappsConditionForm.java完毕..(15:44:01)
生成E:\ccccc\src\com\sxsihe\coall\runapps\form\RunappsForm.java完毕..(15:44:01)
生成E:\ccccc\src\springconfig\applicationContext-runapps.xml完毕..(15:44:01)
生成E:\ccccc\WebRoot\WEB-INF\strutsconfig\struts-config-runapps.xml完毕..(15:44:01)
生成E:\ccccc\WebRoot\pages\runapps\runappsform.jsp完毕..(15:44:01)
生成E:\ccccc\WebRoot\pages\runapps\runappslist.jsp完毕..(15:44:01)
生成E:\ccccc\WebRoot\pages\runapps\runappsview.jsp完毕..(15:44:02)
覆盖生成E:\ccccc\src\com\sxsihe\coall\runapps\action\RunappsDeleteAction.java完毕..(16:20:21)
覆盖生成E:\ccccc\src\com\sxsihe\coall\runapps\action\RunappsSaveAction.java完毕..(16:20:22)
覆盖生成E:\ccccc\src\com\sxsihe\coall\runapps\action\RunappsShowAction.java完毕..(16:20:22)
覆盖生成E:\ccccc\src\com\sxsihe\coall\runapps\dao\RunappsDAO.java完毕..(16:20:23)
覆盖生成E:\ccccc\src\com\sxsihe\coall\runapps\dao\hibernateImpl\RunappsDAOImpl.java完毕..(16:20:23)
覆盖生成E:\ccccc\src\com\sxsihe\coall\runapps\service\RunappsService.java完毕..(16:20:24)
覆盖生成E:\ccccc\src\com\sxsihe\coall\runapps\service\RunappsServiceImpl.java完毕..(16:20:24)
覆盖生成E:\ccccc\src\com\sxsihe\coall\runapps\form\RunappsForm.java完毕..(16:20:25)
覆盖生成E:\ccccc\src\springconfig\applicationContext-runapps.xml完毕..(16:20:26)
覆盖生成E:\ccccc\WebRoot\WEB-INF\strutsconfig\struts-config-runapps.xml完毕..(16:20:27)
覆盖生成E:\ccccc\WebRoot\pages\runapps\runappsform.jsp完毕..(16:20:27)
覆盖生成E:\ccccc\WebRoot\pages\runapps\runappslist.jsp完毕..(16:20:28)
覆盖生成E:\ccccc\WebRoot\pages\runapps\runappsview.jsp完毕..(16:20:28)
覆盖生成E:\ccccc\src\com\sxsihe\coall\runapps\action\RunappsDeleteAction.java完毕..(16:21:49)
覆盖生成E:\ccccc\src\com\sxsihe\coall\runapps\action\RunappsSaveAction.java完毕..(16:21:50)
覆盖生成E:\ccccc\src\com\sxsihe\coall\runapps\action\RunappsShowAction.java完毕..(16:21:50)
覆盖生成E:\ccccc\src\com\sxsihe\coall\runapps\dao\RunappsDAO.java完毕..(16:21:51)
覆盖生成E:\ccccc\src\com\sxsihe\coall\runapps\dao\hibernateImpl\RunappsDAOImpl.java完毕..(16:21:51)
覆盖生成E:\ccccc\src\com\sxsihe\coall\runapps\service\RunappsService.java完毕..(16:21:51)
覆盖生成E:\ccccc\src\com\sxsihe\coall\runapps\service\RunappsServiceImpl.java完毕..(16:21:52)
覆盖生成E:\ccccc\src\com\sxsihe\coall\runapps\form\RunappsForm.java完毕..(16:21:52)
覆盖生成E:\ccccc\src\springconfig\applicationContext-runapps.xml完毕..(16:21:53)
覆盖生成E:\ccccc\WebRoot\WEB-INF\strutsconfig\struts-config-runapps.xml完毕..(16:21:53)
覆盖生成E:\ccccc\WebRoot\pages\runapps\runappsform.jsp完毕..(16:21:53)
覆盖生成E:\ccccc\WebRoot\pages\runapps\runappslist.jsp完毕..(16:21:54)
覆盖生成E:\ccccc\WebRoot\pages\runapps\runappsview.jsp完毕..(16:21:55)
