生成E:\1111\src\com\sxsihe\systemlog\action\SystemlogDeleteAction.java失败..(16:01:31)
生成E:\1111\src\com\sxsihe\systemlog\action\SystemlogSaveAction.java失败..(16:01:32)
生成E:\1111\src\com\sxsihe\systemlog\action\SystemlogShowAction.java失败..(16:01:32)
生成E:\1111\src\com\sxsihe\systemlog\dao\SystemlogDAO.java失败..(16:01:32)
生成E:\1111\src\com\sxsihe\systemlog\dao\hibernateImpl\SystemlogDAOImpl.java失败..(16:01:32)
生成E:\1111\src\com\sxsihe\systemlog\service\SystemlogService.java失败..(16:01:32)
生成E:\1111\src\com\sxsihe\systemlog\service\SystemlogServiceImpl.java失败..(16:01:32)
生成E:\1111\src\com\sxsihe\systemlog\form\SystemlogConditionForm.java失败..(16:01:32)
生成E:\1111\src\com\sxsihe\systemlog\form\SystemlogForm.java失败..(16:01:32)
生成E:\1111\src\springconfig\applicationContext-systemlog.xml失败..(16:01:32)
生成E:\1111\WebRoot\WEB-INF\strutsconfig\struts-config-systemlog.xml失败..(16:01:32)
生成E:\1111\WebRoot\pages\systemlog\systemlogform.jsp失败..(16:01:32)
生成E:\1111\WebRoot\pages\systemlog\systemloglist.jsp失败..(16:01:32)
生成E:\1111\WebRoot\pages\systemlog\systemlogview.jsp失败..(16:01:32)
生成E:\1111\src\com\sxsihe\systemlog\action\SystemlogDeleteAction.java失败..(16:01:59)
生成E:\1111\src\com\sxsihe\systemlog\action\SystemlogSaveAction.java失败..(16:01:59)
生成E:\1111\src\com\sxsihe\systemlog\action\SystemlogShowAction.java失败..(16:01:59)
生成E:\1111\src\com\sxsihe\systemlog\dao\SystemlogDAO.java失败..(16:01:59)
生成E:\1111\src\com\sxsihe\systemlog\dao\hibernateImpl\SystemlogDAOImpl.java失败..(16:01:59)
生成E:\1111\src\com\sxsihe\systemlog\service\SystemlogService.java失败..(16:01:59)
生成E:\1111\src\com\sxsihe\systemlog\service\SystemlogServiceImpl.java失败..(16:01:59)
生成E:\1111\src\com\sxsihe\systemlog\form\SystemlogConditionForm.java失败..(16:01:59)
生成E:\1111\src\com\sxsihe\systemlog\form\SystemlogForm.java失败..(16:01:59)
生成E:\1111\src\springconfig\applicationContext-systemlog.xml失败..(16:01:59)
生成E:\1111\WebRoot\WEB-INF\strutsconfig\struts-config-systemlog.xml失败..(16:01:59)
生成E:\1111\WebRoot\pages\systemlog\systemlogform.jsp失败..(16:01:59)
生成E:\1111\WebRoot\pages\systemlog\systemloglist.jsp失败..(16:01:59)
生成E:\1111\WebRoot\pages\systemlog\systemlogview.jsp失败..(16:01:59)
生成E:\1111\src\com\sxsihe\systemlog\action\SystemlogDeleteAction.java完毕..(16:07:39)
生成E:\1111\src\com\sxsihe\systemlog\action\SystemlogSaveAction.java完毕..(16:07:40)
生成E:\1111\src\com\sxsihe\systemlog\action\SystemlogShowAction.java完毕..(16:07:40)
生成E:\1111\src\com\sxsihe\systemlog\dao\SystemlogDAO.java完毕..(16:07:40)
生成E:\1111\src\com\sxsihe\systemlog\dao\hibernateImpl\SystemlogDAOImpl.java完毕..(16:07:40)
生成E:\1111\src\com\sxsihe\systemlog\service\SystemlogService.java完毕..(16:07:40)
生成E:\1111\src\com\sxsihe\systemlog\service\SystemlogServiceImpl.java完毕..(16:07:40)
生成E:\1111\src\com\sxsihe\systemlog\form\SystemlogForm.java完毕..(16:07:41)
生成E:\1111\src\springconfig\applicationContext-systemlog.xml完毕..(16:07:41)
生成E:\1111\WebRoot\WEB-INF\strutsconfig\struts-config-systemlog.xml完毕..(16:07:41)
生成E:\1111\WebRoot\pages\systemlog\systemlogform.jsp完毕..(16:07:41)
生成E:\1111\WebRoot\pages\systemlog\systemloglist.jsp完毕..(16:07:41)
生成E:\1111\WebRoot\pages\systemlog\systemlogview.jsp完毕..(16:07:41)
覆盖生成E:\1111\src\com\sxsihe\systemlog\action\SystemlogDeleteAction.java完毕..(16:08:34)
覆盖生成E:\1111\src\com\sxsihe\systemlog\action\SystemlogSaveAction.java完毕..(16:08:35)
覆盖生成E:\1111\src\com\sxsihe\systemlog\action\SystemlogShowAction.java完毕..(16:08:35)
覆盖生成E:\1111\src\com\sxsihe\systemlog\dao\SystemlogDAO.java完毕..(16:08:35)
覆盖生成E:\1111\src\com\sxsihe\systemlog\dao\hibernateImpl\SystemlogDAOImpl.java完毕..(16:08:36)
覆盖生成E:\1111\src\com\sxsihe\systemlog\service\SystemlogService.java完毕..(16:08:36)
覆盖生成E:\1111\src\com\sxsihe\systemlog\service\SystemlogServiceImpl.java完毕..(16:08:36)
生成E:\1111\src\com\sxsihe\systemlog\form\SystemlogConditionForm.java完毕..(16:08:37)
覆盖生成E:\1111\src\com\sxsihe\systemlog\form\SystemlogForm.java完毕..(16:08:37)
覆盖生成E:\1111\src\springconfig\applicationContext-systemlog.xml完毕..(16:08:37)
覆盖生成E:\1111\WebRoot\WEB-INF\strutsconfig\struts-config-systemlog.xml完毕..(16:08:38)
覆盖生成E:\1111\WebRoot\pages\systemlog\systemlogform.jsp完毕..(16:08:38)
覆盖生成E:\1111\WebRoot\pages\systemlog\systemloglist.jsp完毕..(16:08:39)
覆盖生成E:\1111\WebRoot\pages\systemlog\systemlogview.jsp完毕..(16:08:39)
读取系统列表时发生异常！(16:09:22)
