生成E:\pro\webpro\coalCore\code\src\com\sxsihe\coal\coalmine\action\CoalmineDeleteAction.java完毕..(17:53:00)
生成E:\pro\webpro\coalCore\code\src\com\sxsihe\coal\coalmine\action\CoalmineSaveAction.java完毕..(17:53:00)
生成E:\pro\webpro\coalCore\code\src\com\sxsihe\coal\coalmine\action\CoalmineShowAction.java完毕..(17:53:00)
生成E:\pro\webpro\coalCore\code\src\com\sxsihe\coal\coalmine\dao\CoalmineDAO.java完毕..(17:53:00)
生成E:\pro\webpro\coalCore\code\src\com\sxsihe\coal\coalmine\dao\hibernateImpl\CoalmineDAOImpl.java完毕..(17:53:00)
生成E:\pro\webpro\coalCore\code\src\com\sxsihe\coal\coalmine\service\CoalmineService.java完毕..(17:53:00)
生成E:\pro\webpro\coalCore\code\src\com\sxsihe\coal\coalmine\service\CoalmineServiceImpl.java完毕..(17:53:00)
生成E:\pro\webpro\coalCore\code\src\com\sxsihe\coal\coalmine\form\CoalmineConditionForm.java完毕..(17:53:00)
生成E:\pro\webpro\coalCore\code\src\com\sxsihe\coal\coalmine\form\CoalmineForm.java完毕..(17:53:00)
生成E:\pro\webpro\coalCore\code\src\springconfig\applicationContext-coalmine.xml完毕..(17:53:01)
生成E:\pro\webpro\coalCore\code\WebRoot\WEB-INF\strutsconfig\struts-config-coalmine.xml完毕..(17:53:01)
生成E:\pro\webpro\coalCore\code\WebRoot\pages\coalmine\coalmineform.jsp完毕..(17:53:01)
生成E:\pro\webpro\coalCore\code\WebRoot\pages\coalmine\coalminelist.jsp完毕..(17:53:01)
生成E:\pro\webpro\coalCore\code\WebRoot\pages\coalmine\coalmineview.jsp完毕..(17:53:01)
读取系统列表时发生异常！(17:53:04)
覆盖生成E:\pro\webpro\coalCore\code\src\com\sxsihe\coal\coalmine\action\CoalmineDeleteAction.java完毕..(18:10:23)
覆盖生成E:\pro\webpro\coalCore\code\src\com\sxsihe\coal\coalmine\action\CoalmineSaveAction.java完毕..(18:10:24)
覆盖生成E:\pro\webpro\coalCore\code\src\com\sxsihe\coal\coalmine\action\CoalmineShowAction.java完毕..(18:10:25)
覆盖生成E:\pro\webpro\coalCore\code\src\com\sxsihe\coal\coalmine\dao\CoalmineDAO.java完毕..(18:10:25)
覆盖生成E:\pro\webpro\coalCore\code\src\com\sxsihe\coal\coalmine\dao\hibernateImpl\CoalmineDAOImpl.java完毕..(18:10:26)
覆盖生成E:\pro\webpro\coalCore\code\src\com\sxsihe\coal\coalmine\service\CoalmineService.java完毕..(18:10:26)
覆盖生成E:\pro\webpro\coalCore\code\src\com\sxsihe\coal\coalmine\service\CoalmineServiceImpl.java完毕..(18:10:29)
覆盖生成E:\pro\webpro\coalCore\code\src\com\sxsihe\coal\coalmine\form\CoalmineConditionForm.java完毕..(18:10:30)
覆盖生成E:\pro\webpro\coalCore\code\src\com\sxsihe\coal\coalmine\form\CoalmineForm.java完毕..(18:10:31)
覆盖生成E:\pro\webpro\coalCore\code\src\springconfig\applicationContext-coalmine.xml完毕..(18:10:31)
覆盖生成E:\pro\webpro\coalCore\code\WebRoot\WEB-INF\strutsconfig\struts-config-coalmine.xml完毕..(18:10:32)
覆盖生成E:\pro\webpro\coalCore\code\WebRoot\pages\coalmine\coalmineform.jsp完毕..(18:10:33)
覆盖生成E:\pro\webpro\coalCore\code\WebRoot\pages\coalmine\coalminelist.jsp完毕..(18:10:33)
覆盖生成E:\pro\webpro\coalCore\code\WebRoot\pages\coalmine\coalmineview.jsp完毕..(18:10:34)
读取系统列表时发生异常！(18:10:35)
