串口关闭了(15:18:16)
端口准备over(15:18:16)
串口打开了(15:29:07)
端口准备over(15:29:07)
串口打开了(15:34:28)
端口准备over(15:34:28)
串口打开了(15:36:34)
端口准备over(15:36:34)
串口打开了(15:40:10)
端口准备over(15:40:10)
串口打开了(15:42:55)
端口准备over(15:42:55)
串口打开了(15:43:53)
端口准备over(15:43:53)
127.0.0.1:2274已经连接(15:43:53)
127.0.0.1:2285已经连接(15:43:53)
forces:sihekejimustgo^_^(15:43:53)
msg:{"msg":[{"tel":"42515E575F545F5A5F5F5E","msg":"415B5A5759D1A1A690A6CEACD5BBB8BCDCA5D6D2B9AA8447A18BBC89A4CDBC92DECCBFA1C9C5AC82D7B4D9D83D2B313C2227"}]}^_^(15:44:25)
收到消息玩家您好：斩魂9月13日不删档开放内测。为答谢您封测期对斩魂的关注，即日起前往官网预约即可领取开测三大特权。感恩回馈，一路有你！【网易】来自106575257800163(15:45:24)
收到消息了解决定期来自8618624153462(15:45:25)
收到消息了解决来自8618624153462(15:46:15)
127.0.0.1:2285发生异常(15:46:25)
